<?xml version="1.0" encoding="UTF-8"?>
<!-- Generated by org.testng.reporters.JUnitReportReporter -->
<testsuite hostname="DESKTOP-R1NCR26" failures="0" tests="3" name="stepdefinitionparallelwithtestng.ParallelRunUsingTestNG" time="66.417" errors="0" timestamp="2022-06-15T13:07:44 GMT-05:00" skipped="1">
  <testcase classname="stepdefinitionparallelwithtestng.ParallelRunUsingTestNG" name="runScenario" time="24.516"/>
  <system-out/>
  <testcase classname="stepdefinitionparallelwithtestng.ParallelRunUsingTestNG" name="runScenario" time="17.040">
    <skipped/>
  </testcase> <!-- runScenario -->
  <system-out/>
  <testcase classname="stepdefinitionparallelwithtestng.ParallelRunUsingTestNG" name="runScenario" time="24.861"/>
  <system-out/>
</testsuite> <!-- stepdefinitionparallelwithtestng.ParallelRunUsingTestNG -->
