<?xml version="1.0" encoding="UTF-8"?>
<!-- Generated by org.testng.reporters.JUnitReportReporter -->
<testsuite hostname="DESKTOP-R1NCR26" failures="0" tests="5" name="stepdefinitionparallelwithtestng.ParallelRunUsingTestNG" time="317.213" errors="0" timestamp="2022-06-14T12:42:35 GMT-05:00" skipped="0">
  <testcase classname="stepdefinitionparallelwithtestng.ParallelRunUsingTestNG" name="runScenario" time="63.450"/>
  <system-out/>
  <testcase classname="stepdefinitionparallelwithtestng.ParallelRunUsingTestNG" name="runScenario" time="63.554"/>
  <system-out/>
  <testcase classname="stepdefinitionparallelwithtestng.ParallelRunUsingTestNG" name="runScenario" time="63.510"/>
  <system-out/>
  <testcase classname="stepdefinitionparallelwithtestng.ParallelRunUsingTestNG" name="runScenario" time="63.282"/>
  <system-out/>
  <testcase classname="stepdefinitionparallelwithtestng.ParallelRunUsingTestNG" name="runScenario" time="63.417"/>
  <system-out/>
</testsuite> <!-- stepdefinitionparallelwithtestng.ParallelRunUsingTestNG -->
